# JRE version: Java(TM) SE Runtime Environment (8.0_271-b09) (build 1.8.0_271-b09)
# Java VM: Java HotSpot(TM) 64-Bit Server VM (25.271-b09 mixed mode windows-amd64 compressed oops)
Heap:
 PSYoungGen      total 1323520K, used 196586K [0x000000076ab00000, 0x00000007bfd80000, 0x00000007c0000000)
  eden space 1251840K, 11% used [0x000000076ab00000,0x0000000773b94410,0x00000007b7180000)
  from space 71680K, 67% used [0x00000007b7180000,0x00000007ba0e64c8,0x00000007bb780000)
  to   space 71680K, 0% used [0x00000007bb780000,0x00000007bb780000,0x00000007bfd80000)
 ParOldGen       total 2387456K, used 203232K [0x00000006c0000000, 0x0000000751b80000, 0x000000076ab00000)
  object space 2387456K, 8% used [0x00000006c0000000,0x00000006cc6782d8,0x0000000751b80000)
 Metaspace       used 58567K, capacity 66520K, committed 66840K, reserved 1105920K
  class space    used 8745K, capacity 10698K, committed 10776K, reserved 1048576K
GC Heap History (10 events):
Event: 128.975 GC heap before
{Heap before GC invocations=68 (full 3):
 PSYoungGen      total 1323520K, used 1297737K [0x000000076ab00000, 0x00000007c0000000, 0x00000007c0000000)
  eden space 1249280K, 100% used [0x000000076ab00000,0x00000007b6f00000,0x00000007b6f00000)
  from space 74240K, 65% used [0x00000007bb780000,0x00000007be6d2538,0x00000007c0000000)
  to   space 74240K, 0% used [0x00000007b6f00000,0x00000007b6f00000,0x00000007bb780000)
 ParOldGen       total 2387456K, used 203216K [0x00000006c0000000, 0x0000000751b80000, 0x000000076ab00000)
  object space 2387456K, 8% used [0x00000006c0000000,0x00000006cc6742d8,0x0000000751b80000)
 Metaspace       used 58512K, capacity 66440K, committed 66584K, reserved 1105920K
  class space    used 8741K, capacity 10694K, committed 10776K, reserved 1048576K
Event: 128.998 GC heap after
Heap after GC invocations=68 (full 3):
 PSYoungGen      total 1297920K, used 48505K [0x000000076ab00000, 0x00000007bff00000, 0x00000007c0000000)
  eden space 1249280K, 0% used [0x000000076ab00000,0x000000076ab00000,0x00000007b6f00000)
  from space 48640K, 99% used [0x00000007b6f00000,0x00000007b9e5e548,0x00000007b9e80000)
  to   space 73728K, 0% used [0x00000007bb700000,0x00000007bb700000,0x00000007bff00000)
 ParOldGen       total 2387456K, used 203224K [0x00000006c0000000, 0x0000000751b80000, 0x000000076ab00000)
  object space 2387456K, 8% used [0x00000006c0000000,0x00000006cc6762d8,0x0000000751b80000)
 Metaspace       used 58512K, capacity 66440K, committed 66584K, reserved 1105920K
  class space    used 8741K, capacity 10694K, committed 10776K, reserved 1048576K
}
Event: 138.635 GC heap before
{Heap before GC invocations=69 (full 3):
 PSYoungGen      total 1297920K, used 1297785K [0x000000076ab00000, 0x00000007bff00000, 0x00000007c0000000)
  eden space 1249280K, 100% used [0x000000076ab00000,0x00000007b6f00000,0x00000007b6f00000)
  from space 48640K, 99% used [0x00000007b6f00000,0x00000007b9e5e548,0x00000007b9e80000)
  to   space 73728K, 0% used [0x00000007bb700000,0x00000007bb700000,0x00000007bff00000)
 ParOldGen       total 2387456K, used 203224K [0x00000006c0000000, 0x0000000751b80000, 0x000000076ab00000)
  object space 2387456K, 8% used [0x00000006c0000000,0x00000006cc6762d8,0x0000000751b80000)
 Metaspace       used 58525K, capacity 66504K, committed 66840K, reserved 1105920K
  class space    used 8741K, capacity 10694K, committed 10776K, reserved 1048576K
Event: 138.661 GC heap after
Heap after GC invocations=69 (full 3):
 PSYoungGen      total 1323520K, used 48409K [0x000000076ab00000, 0x00000007c0000000, 0x00000007c0000000)
  eden space 1249792K, 0% used [0x000000076ab00000,0x000000076ab00000,0x00000007b6f80000)
  from space 73728K, 65% used [0x00000007bb700000,0x00000007be646528,0x00000007bff00000)
  to   space 73216K, 0% used [0x00000007b6f80000,0x00000007b6f80000,0x00000007bb700000)
 ParOldGen       total 2387456K, used 203224K [0x00000006c0000000, 0x0000000751b80000, 0x000000076ab00000)
  object space 2387456K, 8% used [0x00000006c0000000,0x00000006cc6762d8,0x0000000751b80000)
 Metaspace       used 58525K, capacity 66504K, committed 66840K, reserved 1105920K
  class space    used 8741K, capacity 10694K, committed 10776K, reserved 1048576K
}
Event: 147.925 GC heap before
{Heap before GC invocations=70 (full 3):
 PSYoungGen      total 1323520K, used 1298201K [0x000000076ab00000, 0x00000007c0000000, 0x00000007c0000000)
  eden space 1249792K, 100% used [0x000000076ab00000,0x00000007b6f80000,0x00000007b6f80000)
  from space 73728K, 65% used [0x00000007bb700000,0x00000007be646528,0x00000007bff00000)
  to   space 73216K, 0% used [0x00000007b6f80000,0x00000007b6f80000,0x00000007bb700000)
 ParOldGen       total 2387456K, used 203224K [0x00000006c0000000, 0x0000000751b80000, 0x000000076ab00000)
  object space 2387456K, 8% used [0x00000006c0000000,0x00000006cc6762d8,0x0000000751b80000)
 Metaspace       used 58529K, capacity 66504K, committed 66840K, reserved 1105920K
  class space    used 8741K, capacity 10694K, committed 10776K, reserved 1048576K
Event: 147.941 GC heap after
Heap after GC invocations=70 (full 3):
 PSYoungGen      total 1323008K, used 48441K [0x000000076ab00000, 0x00000007bfe80000, 0x00000007c0000000)
  eden space 1249792K, 0% used [0x000000076ab00000,0x000000076ab00000,0x00000007b6f80000)
  from space 73216K, 66% used [0x00000007b6f80000,0x00000007b9ece4d0,0x00000007bb700000)
  to   space 72704K, 0% used [0x00000007bb780000,0x00000007bb780000,0x00000007bfe80000)
 ParOldGen       total 2387456K, used 203224K [0x00000006c0000000, 0x0000000751b80000, 0x000000076ab00000)
  object space 2387456K, 8% used [0x00000006c0000000,0x00000006cc6762d8,0x0000000751b80000)
 Metaspace       used 58529K, capacity 66504K, committed 66840K, reserved 1105920K
  class space    used 8741K, capacity 10694K, committed 10776K, reserved 1048576K
}
Event: 157.529 GC heap before
{Heap before GC invocations=71 (full 3):
 PSYoungGen      total 1323008K, used 1298233K [0x000000076ab00000, 0x00000007bfe80000, 0x00000007c0000000)
  eden space 1249792K, 100% used [0x000000076ab00000,0x00000007b6f80000,0x00000007b6f80000)
  from space 73216K, 66% used [0x00000007b6f80000,0x00000007b9ece4d0,0x00000007bb700000)
  to   space 72704K, 0% used [0x00000007bb780000,0x00000007bb780000,0x00000007bfe80000)
 ParOldGen       total 2387456K, used 203224K [0x00000006c0000000, 0x0000000751b80000, 0x000000076ab00000)
  object space 2387456K, 8% used [0x00000006c0000000,0x00000006cc6762d8,0x0000000751b80000)
 Metaspace       used 58554K, capacity 66512K, committed 66840K, reserved 1105920K
  class space    used 8743K, capacity 10696K, committed 10776K, reserved 1048576K
Event: 157.548 GC heap after
Heap after GC invocations=71 (full 3):
 PSYoungGen      total 1323520K, used 48409K [0x000000076ab00000, 0x00000007bfd80000, 0x00000007c0000000)
  eden space 1251840K, 0% used [0x000000076ab00000,0x000000076ab00000,0x00000007b7180000)
  from space 71680K, 67% used [0x00000007bb780000,0x00000007be6c64f8,0x00000007bfd80000)
  to   space 71680K, 0% used [0x00000007b7180000,0x00000007b7180000,0x00000007bb780000)
 ParOldGen       total 2387456K, used 203232K [0x00000006c0000000, 0x0000000751b80000, 0x000000076ab00000)
  object space 2387456K, 8% used [0x00000006c0000000,0x00000006cc6782d8,0x0000000751b80000)
 Metaspace       used 58554K, capacity 66512K, committed 66840K, reserved 1105920K
  class space    used 8743K, capacity 10696K, committed 10776K, reserved 1048576K
}
Event: 166.930 GC heap before
{Heap before GC invocations=72 (full 3):
 PSYoungGen      total 1323520K, used 1300249K [0x000000076ab00000, 0x00000007bfd80000, 0x00000007c0000000)
  eden space 1251840K, 100% used [0x000000076ab00000,0x00000007b7180000,0x00000007b7180000)
  from space 71680K, 67% used [0x00000007bb780000,0x00000007be6c64f8,0x00000007bfd80000)
  to   space 71680K, 0% used [0x00000007b7180000,0x00000007b7180000,0x00000007bb780000)
 ParOldGen       total 2387456K, used 203232K [0x00000006c0000000, 0x0000000751b80000, 0x000000076ab00000)
  object space 2387456K, 8% used [0x00000006c0000000,0x00000006cc6782d8,0x0000000751b80000)
 Metaspace       used 58566K, capacity 66520K, committed 66840K, reserved 1105920K
  class space    used 8745K, capacity 10698K, committed 10776K, reserved 1048576K
Event: 166.945 GC heap after
Heap after GC invocations=72 (full 3):
 PSYoungGen      total 1323520K, used 48537K [0x000000076ab00000, 0x00000007bfd80000, 0x00000007c0000000)
  eden space 1251840K, 0% used [0x000000076ab00000,0x000000076ab00000,0x00000007b7180000)
  from space 71680K, 67% used [0x00000007b7180000,0x00000007ba0e64c8,0x00000007bb780000)
  to   space 71680K, 0% used [0x00000007bb780000,0x00000007bb780000,0x00000007bfd80000)
 ParOldGen       total 2387456K, used 203232K [0x00000006c0000000, 0x0000000751b80000, 0x000000076ab00000)
  object space 2387456K, 8% used [0x00000006c0000000,0x00000006cc6782d8,0x0000000751b80000)
 Metaspace       used 58566K, capacity 66520K, committed 66840K, reserved 1105920K
  class space    used 8745K, capacity 10698K, committed 10776K, reserved 1048576K
}

